<?xml version="1.0" encoding="UTF-8"?>
<coverage generated="1736237273689" clover="3.2.0">
  <project timestamp="1736237273689" name="All files">
    <metrics statements="90" coveredstatements="89" conditionals="28" coveredconditionals="27" methods="10" coveredmethods="10" elements="128" coveredelements="126" complexity="0" loc="90" ncloc="90" packages="1" files="1" classes="1"/>
    <file name="MyPromise.js" path="/Users/haoli/Documents/self-dev/hello-js/src/promise/MyPromise.js">
      <metrics statements="90" coveredstatements="89" conditionals="28" coveredconditionals="27" methods="10" coveredmethods="10"/>
      <line num="1" count="1" type="stmt"/>
      <line num="2" count="1" type="stmt"/>
      <line num="3" count="1" type="stmt"/>
      <line num="4" count="1" type="stmt"/>
      <line num="5" count="1" type="stmt"/>
      <line num="6" count="45" type="cond" truecount="1" falsecount="0"/>
      <line num="7" count="45" type="stmt"/>
      <line num="8" count="45" type="stmt"/>
      <line num="9" count="45" type="stmt"/>
      <line num="10" count="45" type="stmt"/>
      <line num="11" count="45" type="stmt"/>
      <line num="12" count="45" type="cond" truecount="1" falsecount="0"/>
      <line num="13" count="45" type="stmt"/>
      <line num="14" count="45" type="stmt"/>
      <line num="15" count="45" type="cond" truecount="1" falsecount="0"/>
      <line num="16" count="45" type="cond" truecount="1" falsecount="0"/>
      <line num="17" count="45" type="stmt"/>
      <line num="18" count="45" type="cond" truecount="1" falsecount="0"/>
      <line num="19" count="1" type="stmt"/>
      <line num="20" count="1" type="stmt"/>
      <line num="21" count="45" type="stmt"/>
      <line num="22" count="45" type="stmt"/>
      <line num="23" count="45" type="cond" truecount="1" falsecount="0"/>
      <line num="24" count="27" type="cond" truecount="1" falsecount="0"/>
      <line num="25" count="27" type="cond" truecount="1" falsecount="0"/>
      <line num="26" count="16" type="cond" truecount="2" falsecount="0"/>
      <line num="27" count="15" type="cond" truecount="1" falsecount="0"/>
      <line num="28" count="15" type="stmt"/>
      <line num="29" count="15" type="stmt"/>
      <line num="30" count="15" type="stmt"/>
      <line num="31" count="15" type="cond" truecount="1" falsecount="0"/>
      <line num="32" count="3" type="stmt"/>
      <line num="33" count="3" type="stmt"/>
      <line num="34" count="15" type="stmt"/>
      <line num="35" count="27" type="stmt"/>
      <line num="36" count="27" type="cond" truecount="1" falsecount="0"/>
      <line num="37" count="11" type="cond" truecount="2" falsecount="0"/>
      <line num="38" count="9" type="cond" truecount="1" falsecount="0"/>
      <line num="39" count="9" type="stmt"/>
      <line num="40" count="9" type="stmt"/>
      <line num="41" count="9" type="stmt"/>
      <line num="42" count="9" type="cond" truecount="1" falsecount="0"/>
      <line num="43" count="1" type="stmt"/>
      <line num="44" count="1" type="stmt"/>
      <line num="45" count="9" type="stmt"/>
      <line num="46" count="27" type="stmt"/>
      <line num="47" count="27" type="stmt"/>
      <line num="48" count="27" type="cond" truecount="1" falsecount="0"/>
      <line num="49" count="10" type="stmt"/>
      <line num="50" count="10" type="stmt"/>
      <line num="51" count="10" type="stmt"/>
      <line num="52" count="27" type="cond" truecount="1" falsecount="0"/>
      <line num="53" count="10" type="stmt"/>
      <line num="54" count="10" type="stmt"/>
      <line num="55" count="27" type="cond" truecount="1" falsecount="0"/>
      <line num="56" count="7" type="stmt"/>
      <line num="57" count="7" type="stmt"/>
      <line num="58" count="27" type="cond" truecount="0" falsecount="1"/>
      <line num="59" count="0" type="stmt"/>
      <line num="60" count="27" type="stmt"/>
      <line num="61" count="27" type="stmt"/>
      <line num="62" count="27" type="stmt"/>
      <line num="63" count="45" type="stmt"/>
      <line num="64" count="45" type="cond" truecount="1" falsecount="0"/>
      <line num="65" count="9" type="stmt"/>
      <line num="66" count="9" type="stmt"/>
      <line num="67" count="45" type="stmt"/>
      <line num="68" count="45" type="cond" truecount="1" falsecount="0"/>
      <line num="69" count="4" type="stmt"/>
      <line num="70" count="4" type="stmt"/>
      <line num="71" count="45" type="stmt"/>
      <line num="72" count="45" type="cond" truecount="1" falsecount="0"/>
      <line num="73" count="3" type="stmt"/>
      <line num="74" count="3" type="stmt"/>
      <line num="75" count="45" type="stmt"/>
      <line num="76" count="45" type="cond" truecount="1" falsecount="0"/>
      <line num="77" count="31" type="stmt"/>
      <line num="78" count="31" type="stmt"/>
      <line num="79" count="31" type="cond" truecount="1" falsecount="0"/>
      <line num="80" count="31" type="stmt"/>
      <line num="81" count="45" type="stmt"/>
      <line num="82" count="45" type="cond" truecount="1" falsecount="0"/>
      <line num="83" count="13" type="stmt"/>
      <line num="84" count="13" type="stmt"/>
      <line num="85" count="13" type="cond" truecount="1" falsecount="0"/>
      <line num="86" count="13" type="stmt"/>
      <line num="87" count="45" type="stmt"/>
      <line num="88" count="1" type="stmt"/>
      <line num="89" count="1" type="stmt"/>
      <line num="90" count="1" type="stmt"/>
    </file>
  </project>
</coverage>
