{"/Users/haoli/Documents/self-dev/hello-js/src/promise/MyPromise.js": {"path":"/Users/haoli/Documents/self-dev/hello-js/src/promise/MyPromise.js","all":false,"statementMap":{"0":{"start":{"line":1,"column":0},"end":{"line":1,"column":15}},"1":{"start":{"line":2,"column":0},"end":{"line":2,"column":21}},"2":{"start":{"line":3,"column":0},"end":{"line":3,"column":25}},"3":{"start":{"line":4,"column":0},"end":{"line":4,"column":23}},"4":{"start":{"line":5,"column":0},"end":{"line":5,"column":2}},"5":{"start":{"line":6,"column":0},"end":{"line":6,"column":17}},"6":{"start":{"line":7,"column":0},"end":{"line":7,"column":16}},"7":{"start":{"line":8,"column":0},"end":{"line":8,"column":25}},"8":{"start":{"line":9,"column":0},"end":{"line":9,"column":27}},"9":{"start":{"line":10,"column":0},"end":{"line":10,"column":26}},"10":{"start":{"line":11,"column":0},"end":{"line":11,"column":0}},"11":{"start":{"line":12,"column":0},"end":{"line":12,"column":29}},"12":{"start":{"line":13,"column":0},"end":{"line":13,"column":9}},"13":{"start":{"line":14,"column":0},"end":{"line":14,"column":19}},"14":{"start":{"line":15,"column":0},"end":{"line":15,"column":40}},"15":{"start":{"line":16,"column":0},"end":{"line":16,"column":38}},"16":{"start":{"line":17,"column":0},"end":{"line":17,"column":8}},"17":{"start":{"line":18,"column":0},"end":{"line":18,"column":19}},"18":{"start":{"line":19,"column":0},"end":{"line":19,"column":24}},"19":{"start":{"line":20,"column":0},"end":{"line":20,"column":5}},"20":{"start":{"line":21,"column":0},"end":{"line":21,"column":3}},"21":{"start":{"line":22,"column":0},"end":{"line":22,"column":0}},"22":{"start":{"line":23,"column":0},"end":{"line":23,"column":33}},"23":{"start":{"line":24,"column":0},"end":{"line":24,"column":47}},"24":{"start":{"line":25,"column":0},"end":{"line":25,"column":39}},"25":{"start":{"line":26,"column":0},"end":{"line":26,"column":54}},"26":{"start":{"line":27,"column":0},"end":{"line":27,"column":30}},"27":{"start":{"line":28,"column":0},"end":{"line":28,"column":15}},"28":{"start":{"line":29,"column":0},"end":{"line":29,"column":49}},"29":{"start":{"line":30,"column":0},"end":{"line":30,"column":27}},"30":{"start":{"line":31,"column":0},"end":{"line":31,"column":25}},"31":{"start":{"line":32,"column":0},"end":{"line":32,"column":24}},"32":{"start":{"line":33,"column":0},"end":{"line":33,"column":11}},"33":{"start":{"line":34,"column":0},"end":{"line":34,"column":11}},"34":{"start":{"line":35,"column":0},"end":{"line":35,"column":8}},"35":{"start":{"line":36,"column":0},"end":{"line":36,"column":38}},"36":{"start":{"line":37,"column":0},"end":{"line":37,"column":52}},"37":{"start":{"line":38,"column":0},"end":{"line":38,"column":30}},"38":{"start":{"line":39,"column":0},"end":{"line":39,"column":15}},"39":{"start":{"line":40,"column":0},"end":{"line":40,"column":48}},"40":{"start":{"line":41,"column":0},"end":{"line":41,"column":27}},"41":{"start":{"line":42,"column":0},"end":{"line":42,"column":25}},"42":{"start":{"line":43,"column":0},"end":{"line":43,"column":24}},"43":{"start":{"line":44,"column":0},"end":{"line":44,"column":11}},"44":{"start":{"line":45,"column":0},"end":{"line":45,"column":11}},"45":{"start":{"line":46,"column":0},"end":{"line":46,"column":8}},"46":{"start":{"line":47,"column":0},"end":{"line":47,"column":28}},"47":{"start":{"line":48,"column":0},"end":{"line":48,"column":27}},"48":{"start":{"line":49,"column":0},"end":{"line":49,"column":59}},"49":{"start":{"line":50,"column":0},"end":{"line":50,"column":57}},"50":{"start":{"line":51,"column":0},"end":{"line":51,"column":16}},"51":{"start":{"line":52,"column":0},"end":{"line":52,"column":29}},"52":{"start":{"line":53,"column":0},"end":{"line":53,"column":30}},"53":{"start":{"line":54,"column":0},"end":{"line":54,"column":16}},"54":{"start":{"line":55,"column":0},"end":{"line":55,"column":28}},"55":{"start":{"line":56,"column":0},"end":{"line":56,"column":29}},"56":{"start":{"line":57,"column":0},"end":{"line":57,"column":16}},"57":{"start":{"line":58,"column":0},"end":{"line":58,"column":16}},"58":{"start":{"line":59,"column":0},"end":{"line":59,"column":54}},"59":{"start":{"line":60,"column":0},"end":{"line":60,"column":7}},"60":{"start":{"line":61,"column":0},"end":{"line":61,"column":7}},"61":{"start":{"line":62,"column":0},"end":{"line":62,"column":3}},"62":{"start":{"line":63,"column":0},"end":{"line":63,"column":0}},"63":{"start":{"line":64,"column":0},"end":{"line":64,"column":21}},"64":{"start":{"line":65,"column":0},"end":{"line":65,"column":39}},"65":{"start":{"line":66,"column":0},"end":{"line":66,"column":3}},"66":{"start":{"line":67,"column":0},"end":{"line":67,"column":0}},"67":{"start":{"line":68,"column":0},"end":{"line":68,"column":15}},"68":{"start":{"line":69,"column":0},"end":{"line":69,"column":23}},"69":{"start":{"line":70,"column":0},"end":{"line":70,"column":3}},"70":{"start":{"line":71,"column":0},"end":{"line":71,"column":0}},"71":{"start":{"line":72,"column":0},"end":{"line":72,"column":15}},"72":{"start":{"line":73,"column":0},"end":{"line":73,"column":23}},"73":{"start":{"line":74,"column":0},"end":{"line":74,"column":3}},"74":{"start":{"line":75,"column":0},"end":{"line":75,"column":0}},"75":{"start":{"line":76,"column":0},"end":{"line":76,"column":19}},"76":{"start":{"line":77,"column":0},"end":{"line":77,"column":24}},"77":{"start":{"line":78,"column":0},"end":{"line":78,"column":34}},"78":{"start":{"line":79,"column":0},"end":{"line":79,"column":51}},"79":{"start":{"line":80,"column":0},"end":{"line":80,"column":3}},"80":{"start":{"line":81,"column":0},"end":{"line":81,"column":0}},"81":{"start":{"line":82,"column":0},"end":{"line":82,"column":18}},"82":{"start":{"line":83,"column":0},"end":{"line":83,"column":24}},"83":{"start":{"line":84,"column":0},"end":{"line":84,"column":33}},"84":{"start":{"line":85,"column":0},"end":{"line":85,"column":50}},"85":{"start":{"line":86,"column":0},"end":{"line":86,"column":3}},"86":{"start":{"line":87,"column":0},"end":{"line":87,"column":1}},"87":{"start":{"line":88,"column":0},"end":{"line":88,"column":0}},"88":{"start":{"line":89,"column":0},"end":{"line":89,"column":30}},"89":{"start":{"line":90,"column":0},"end":{"line":90,"column":26}}},"s":{"0":1,"1":1,"2":1,"3":1,"4":1,"5":45,"6":45,"7":45,"8":45,"9":45,"10":45,"11":45,"12":45,"13":45,"14":45,"15":45,"16":45,"17":45,"18":1,"19":1,"20":45,"21":45,"22":45,"23":27,"24":27,"25":16,"26":15,"27":15,"28":15,"29":15,"30":15,"31":3,"32":3,"33":15,"34":27,"35":27,"36":11,"37":9,"38":9,"39":9,"40":9,"41":9,"42":1,"43":1,"44":9,"45":27,"46":27,"47":27,"48":10,"49":10,"50":10,"51":27,"52":10,"53":10,"54":27,"55":7,"56":7,"57":27,"58":0,"59":27,"60":27,"61":27,"62":45,"63":45,"64":9,"65":9,"66":45,"67":45,"68":4,"69":4,"70":45,"71":45,"72":3,"73":3,"74":45,"75":45,"76":31,"77":31,"78":31,"79":31,"80":45,"81":45,"82":13,"83":13,"84":13,"85":13,"86":45,"87":1,"88":1,"89":1},"branchMap":{"0":{"type":"branch","line":6,"loc":{"start":{"line":6,"column":0},"end":{"line":87,"column":1}},"locations":[{"start":{"line":6,"column":0},"end":{"line":87,"column":1}}]},"1":{"type":"branch","line":12,"loc":{"start":{"line":12,"column":2},"end":{"line":21,"column":3}},"locations":[{"start":{"line":12,"column":2},"end":{"line":21,"column":3}}]},"2":{"type":"branch","line":18,"loc":{"start":{"line":18,"column":6},"end":{"line":20,"column":5}},"locations":[{"start":{"line":18,"column":6},"end":{"line":20,"column":5}}]},"3":{"type":"branch","line":15,"loc":{"start":{"line":15,"column":9},"end":{"line":15,"column":39}},"locations":[{"start":{"line":15,"column":9},"end":{"line":15,"column":39}}]},"4":{"type":"branch","line":16,"loc":{"start":{"line":16,"column":9},"end":{"line":16,"column":38}},"locations":[{"start":{"line":16,"column":9},"end":{"line":16,"column":38}}]},"5":{"type":"branch","line":23,"loc":{"start":{"line":23,"column":2},"end":{"line":62,"column":3}},"locations":[{"start":{"line":23,"column":2},"end":{"line":62,"column":3}}]},"6":{"type":"branch","line":24,"loc":{"start":{"line":24,"column":25},"end":{"line":61,"column":5}},"locations":[{"start":{"line":24,"column":25},"end":{"line":61,"column":5}}]},"7":{"type":"branch","line":48,"loc":{"start":{"line":48,"column":8},"end":{"line":51,"column":16}},"locations":[{"start":{"line":48,"column":8},"end":{"line":51,"column":16}}]},"8":{"type":"branch","line":52,"loc":{"start":{"line":52,"column":8},"end":{"line":54,"column":16}},"locations":[{"start":{"line":52,"column":8},"end":{"line":54,"column":16}}]},"9":{"type":"branch","line":55,"loc":{"start":{"line":55,"column":8},"end":{"line":57,"column":16}},"locations":[{"start":{"line":55,"column":8},"end":{"line":57,"column":16}}]},"10":{"type":"branch","line":58,"loc":{"start":{"line":58,"column":8},"end":{"line":59,"column":54}},"locations":[{"start":{"line":58,"column":8},"end":{"line":59,"column":54}}]},"11":{"type":"branch","line":25,"loc":{"start":{"line":25,"column":32},"end":{"line":35,"column":7}},"locations":[{"start":{"line":25,"column":32},"end":{"line":35,"column":7}}]},"12":{"type":"branch","line":26,"loc":{"start":{"line":26,"column":26},"end":{"line":26,"column":54}},"locations":[{"start":{"line":26,"column":26},"end":{"line":26,"column":54}}]},"13":{"type":"branch","line":26,"loc":{"start":{"line":26,"column":53},"end":{"line":35,"column":7}},"locations":[{"start":{"line":26,"column":53},"end":{"line":35,"column":7}}]},"14":{"type":"branch","line":27,"loc":{"start":{"line":27,"column":23},"end":{"line":34,"column":9}},"locations":[{"start":{"line":27,"column":23},"end":{"line":34,"column":9}}]},"15":{"type":"branch","line":31,"loc":{"start":{"line":31,"column":12},"end":{"line":33,"column":11}},"locations":[{"start":{"line":31,"column":12},"end":{"line":33,"column":11}}]},"16":{"type":"branch","line":36,"loc":{"start":{"line":36,"column":31},"end":{"line":46,"column":7}},"locations":[{"start":{"line":36,"column":31},"end":{"line":46,"column":7}}]},"17":{"type":"branch","line":37,"loc":{"start":{"line":37,"column":25},"end":{"line":37,"column":52}},"locations":[{"start":{"line":37,"column":25},"end":{"line":37,"column":52}}]},"18":{"type":"branch","line":37,"loc":{"start":{"line":37,"column":51},"end":{"line":46,"column":7}},"locations":[{"start":{"line":37,"column":51},"end":{"line":46,"column":7}}]},"19":{"type":"branch","line":38,"loc":{"start":{"line":38,"column":23},"end":{"line":45,"column":9}},"locations":[{"start":{"line":38,"column":23},"end":{"line":45,"column":9}}]},"20":{"type":"branch","line":42,"loc":{"start":{"line":42,"column":12},"end":{"line":44,"column":11}},"locations":[{"start":{"line":42,"column":12},"end":{"line":44,"column":11}}]},"21":{"type":"branch","line":64,"loc":{"start":{"line":64,"column":2},"end":{"line":66,"column":3}},"locations":[{"start":{"line":64,"column":2},"end":{"line":66,"column":3}}]},"22":{"type":"branch","line":68,"loc":{"start":{"line":68,"column":2},"end":{"line":70,"column":3}},"locations":[{"start":{"line":68,"column":2},"end":{"line":70,"column":3}}]},"23":{"type":"branch","line":72,"loc":{"start":{"line":72,"column":2},"end":{"line":74,"column":3}},"locations":[{"start":{"line":72,"column":2},"end":{"line":74,"column":3}}]},"24":{"type":"branch","line":76,"loc":{"start":{"line":76,"column":2},"end":{"line":80,"column":3}},"locations":[{"start":{"line":76,"column":2},"end":{"line":80,"column":3}}]},"25":{"type":"branch","line":79,"loc":{"start":{"line":79,"column":38},"end":{"line":79,"column":49}},"locations":[{"start":{"line":79,"column":38},"end":{"line":79,"column":49}}]},"26":{"type":"branch","line":82,"loc":{"start":{"line":82,"column":2},"end":{"line":86,"column":3}},"locations":[{"start":{"line":82,"column":2},"end":{"line":86,"column":3}}]},"27":{"type":"branch","line":85,"loc":{"start":{"line":85,"column":37},"end":{"line":85,"column":48}},"locations":[{"start":{"line":85,"column":37},"end":{"line":85,"column":48}}]}},"b":{"0":[45],"1":[45],"2":[1],"3":[31],"4":[12],"5":[27],"6":[27],"7":[10],"8":[10],"9":[7],"10":[0],"11":[16],"12":[1],"13":[15],"14":[15],"15":[3],"16":[11],"17":[2],"18":[9],"19":[9],"20":[1],"21":[9],"22":[4],"23":[3],"24":[31],"25":[6],"26":[13],"27":[4]},"fnMap":{"0":{"name":"<instance_members_initializer>","decl":{"start":{"line":6,"column":0},"end":{"line":87,"column":1}},"loc":{"start":{"line":6,"column":0},"end":{"line":87,"column":1}},"line":6},"1":{"name":"MyPromise","decl":{"start":{"line":12,"column":2},"end":{"line":21,"column":3}},"loc":{"start":{"line":12,"column":2},"end":{"line":21,"column":3}},"line":12},"2":{"name":"then","decl":{"start":{"line":23,"column":2},"end":{"line":62,"column":3}},"loc":{"start":{"line":23,"column":2},"end":{"line":62,"column":3}},"line":23},"3":{"name":"fulfilledCallback","decl":{"start":{"line":25,"column":32},"end":{"line":35,"column":7}},"loc":{"start":{"line":25,"column":32},"end":{"line":35,"column":7}},"line":25},"4":{"name":"rejectedCallback","decl":{"start":{"line":36,"column":31},"end":{"line":46,"column":7}},"loc":{"start":{"line":36,"column":31},"end":{"line":46,"column":7}},"line":36},"5":{"name":"catch","decl":{"start":{"line":64,"column":2},"end":{"line":66,"column":3}},"loc":{"start":{"line":64,"column":2},"end":{"line":66,"column":3}},"line":64},"6":{"name":"get state","decl":{"start":{"line":68,"column":2},"end":{"line":70,"column":3}},"loc":{"start":{"line":68,"column":2},"end":{"line":70,"column":3}},"line":68},"7":{"name":"get value","decl":{"start":{"line":72,"column":2},"end":{"line":74,"column":3}},"loc":{"start":{"line":72,"column":2},"end":{"line":74,"column":3}},"line":72},"8":{"name":"#resolve","decl":{"start":{"line":76,"column":2},"end":{"line":80,"column":3}},"loc":{"start":{"line":76,"column":2},"end":{"line":80,"column":3}},"line":76},"9":{"name":"#reject","decl":{"start":{"line":82,"column":2},"end":{"line":86,"column":3}},"loc":{"start":{"line":82,"column":2},"end":{"line":86,"column":3}},"line":82}},"f":{"0":45,"1":45,"2":27,"3":16,"4":11,"5":9,"6":4,"7":3,"8":31,"9":13}}
}
