TN:
SF:src/promise/MyPromise.js
FN:6,<instance_members_initializer>
FN:12,MyPromise
FN:23,then
FN:25,fulfilledCallback
FN:36,rejectedCallback
FN:64,catch
FN:68,get state
FN:72,get value
FN:76,#resolve
FN:82,#reject
FNF:10
FNH:10
FNDA:45,<instance_members_initializer>
FNDA:45,MyPromise
FNDA:27,then
FNDA:16,fulfilledCallback
FNDA:11,rejectedCallback
FNDA:9,catch
FNDA:4,get state
FNDA:3,get value
FNDA:31,#resolve
FNDA:13,#reject
DA:1,1
DA:2,1
DA:3,1
DA:4,1
DA:5,1
DA:6,45
DA:7,45
DA:8,45
DA:9,45
DA:10,45
DA:11,45
DA:12,45
DA:13,45
DA:14,45
DA:15,45
DA:16,45
DA:17,45
DA:18,45
DA:19,1
DA:20,1
DA:21,45
DA:22,45
DA:23,45
DA:24,27
DA:25,27
DA:26,16
DA:27,15
DA:28,15
DA:29,15
DA:30,15
DA:31,15
DA:32,3
DA:33,3
DA:34,15
DA:35,27
DA:36,27
DA:37,11
DA:38,9
DA:39,9
DA:40,9
DA:41,9
DA:42,9
DA:43,1
DA:44,1
DA:45,9
DA:46,27
DA:47,27
DA:48,27
DA:49,10
DA:50,10
DA:51,10
DA:52,27
DA:53,10
DA:54,10
DA:55,27
DA:56,7
DA:57,7
DA:58,27
DA:59,0
DA:60,27
DA:61,27
DA:62,27
DA:63,45
DA:64,45
DA:65,9
DA:66,9
DA:67,45
DA:68,45
DA:69,4
DA:70,4
DA:71,45
DA:72,45
DA:73,3
DA:74,3
DA:75,45
DA:76,45
DA:77,31
DA:78,31
DA:79,31
DA:80,31
DA:81,45
DA:82,45
DA:83,13
DA:84,13
DA:85,13
DA:86,13
DA:87,45
DA:88,1
DA:89,1
DA:90,1
LF:90
LH:89
BRDA:6,0,0,45
BRDA:12,1,0,45
BRDA:18,2,0,1
BRDA:15,3,0,31
BRDA:16,4,0,12
BRDA:23,5,0,27
BRDA:24,6,0,27
BRDA:48,7,0,10
BRDA:52,8,0,10
BRDA:55,9,0,7
BRDA:58,10,0,0
BRDA:25,11,0,16
BRDA:26,12,0,1
BRDA:26,13,0,15
BRDA:27,14,0,15
BRDA:31,15,0,3
BRDA:36,16,0,11
BRDA:37,17,0,2
BRDA:37,18,0,9
BRDA:38,19,0,9
BRDA:42,20,0,1
BRDA:64,21,0,9
BRDA:68,22,0,4
BRDA:72,23,0,3
BRDA:76,24,0,31
BRDA:79,25,0,6
BRDA:82,26,0,13
BRDA:85,27,0,4
BRF:28
BRH:27
end_of_record
